已經開始建置於 2012/6/10 上午 11:28:17。
     1>節點 2 (build 目標) 上的專案 "C:\Users\dm4\Desktop\dip-final\ZhengMeiXiang\ZhengMeiXiang.vcxproj"。
     1>InitializeBuildStatus:
         由於指定了 "AlwaysCreate"，因此正在建立 "x64\Release\ZhengMeiXiang.unsuccessfulbuild"。
       ClCompile:
         所有輸出都是最新的。
       Link:
         c:\Program Files (x86)\Microsoft Visual Studio 10.0\VC\bin\x86_amd64\link.exe /ERRORREPORT:PROMPT /OUT:"C:\Users\dm4\Desktop\dip-final\x64\Release\ZhengMeiXiang.exe" /NOLOGO opencv_core231.lib opencv_imgproc231.lib opencv_highgui231.lib ws2_32.lib winmm.lib kernel32.lib user32.lib gdi32.lib winspool.lib comdlg32.lib advapi32.lib shell32.lib ole32.lib oleaut32.lib uuid.lib odbc32.lib odbccp32.lib /MANIFEST /ManifestFile:"x64\Release\ZhengMeiXiang.exe.intermediate.manifest" /MANIFESTUAC:"level='asInvoker' uiAccess='false'" /DEBUG /PDB:"C:\Users\dm4\Desktop\dip-final\x64\Release\ZhengMeiXiang.pdb" /OPT:REF /OPT:ICF /LTCG /TLBID:1 /DYNAMICBASE /NXCOMPAT /IMPLIB:"C:\Users\dm4\Desktop\dip-final\x64\Release\ZhengMeiXiang.lib" /MACHINE:X64 x64\Release\BeforeGameState.obj
         x64\Release\Director.obj
         x64\Release\FadeoutAnimation.obj
         x64\Release\HumanState.obj
         x64\Release\IdleState.obj
         x64\Release\InteractiveState.obj
         x64\Release\FlipAnimation.obj
         x64\Release\InitState.obj
         x64\Release\LayoutState.obj
         x64\Release\main.obj
         x64\Release\MirrorState.obj
         x64\Release\OSCListener.obj
         x64\Release\IpEndpointName.obj
         x64\Release\NetworkingUtils.obj
         x64\Release\UdpSocket.obj
         x64\Release\OscOutboundPacketStream.obj
         x64\Release\OscPrintReceivedElements.obj
         x64\Release\OscReceivedElements.obj
         x64\Release\OscTypes.obj
         x64\Release\Picture.obj
         正在產生程式碼
         已完成程式碼產生
         ZhengMeiXiang.vcxproj -> C:\Users\dm4\Desktop\dip-final\x64\Release\ZhengMeiXiang.exe
       Manifest:
         C:\Program Files (x86)\Microsoft SDKs\Windows\v7.0A\bin\mt.exe /nologo /verbose /outputresource:"C:\Users\dm4\Desktop\dip-final\x64\Release\ZhengMeiXiang.exe;#1" /manifest x64\Release\ZhengMeiXiang.exe.intermediate.manifest
       FinalizeBuildStatus:
         正在刪除檔案 "x64\Release\ZhengMeiXiang.unsuccessfulbuild"。
         正在變更時間戳記 "x64\Release\ZhengMeiXiang.lastbuildstate"。
     1>專案 "C:\Users\dm4\Desktop\dip-final\ZhengMeiXiang\ZhengMeiXiang.vcxproj" (build 目標) 建置完成。

建置成功。

經過時間 00:00:02.19
